<?xml version="1.0" encoding="UTF-8"?>
<testng-results skipped="3" failed="1" ignored="4" total="9" passed="1">
  <reporter-output>
  </reporter-output>
  <suite name="Suite1" duration-ms="55013" started-at="2018-06-05T14:33:43Z" finished-at="2018-06-05T14:34:38Z">
    <groups>
    </groups>
    <test name="Addmembershiptoorg" duration-ms="55013" started-at="2018-06-05T14:33:43Z" finished-at="2018-06-05T14:34:38Z">
      <class name="Com.NF.NetForumScenarious.VerifyOrganization">
        <test-method status="SKIP" signature="verifyAddOrganization(java.lang.String)[pri:0, instance:Com.NF.NetForumScenarious.VerifyOrganization@4ae3c1cd]" name="verifyAddOrganization" duration-ms="0" started-at="2018-06-05T20:04:38Z" depends-on-methods="Com.NF.NetForumScenarious.Addorganization.AddRotaryOrganization" finished-at="2018-06-05T20:04:38Z">
          <exception class="java.lang.Throwable">
            <message>
              <![CDATA[Method VerifyOrganization.verifyAddOrganization(java.lang.String)[pri:0, instance:Com.NF.NetForumScenarious.VerifyOrganization@4ae3c1cd] depends on not successfully finished methods]]>
            </message>
            <full-stacktrace>
              <![CDATA[java.lang.Throwable: Method VerifyOrganization.verifyAddOrganization(java.lang.String)[pri:0, instance:Com.NF.NetForumScenarious.VerifyOrganization@4ae3c1cd] depends on not successfully finished methods
	at org.testng.internal.Invoker.invokeTestMethods(Invoker.java:1084)
	at org.testng.internal.TestMethodWorker.invokeTestMethods(TestMethodWorker.java:126)
	at org.testng.internal.TestMethodWorker.run(TestMethodWorker.java:109)
	at org.testng.TestRunner.privateRun(TestRunner.java:744)
	at org.testng.TestRunner.run(TestRunner.java:602)
	at org.testng.SuiteRunner.runTest(SuiteRunner.java:380)
	at org.testng.SuiteRunner.runSequentially(SuiteRunner.java:375)
	at org.testng.SuiteRunner.privateRun(SuiteRunner.java:340)
	at org.testng.SuiteRunner.run(SuiteRunner.java:289)
	at org.testng.SuiteRunnerWorker.runSuite(SuiteRunnerWorker.java:52)
	at org.testng.SuiteRunnerWorker.run(SuiteRunnerWorker.java:86)
	at org.testng.TestNG.runSuitesSequentially(TestNG.java:1301)
	at org.testng.TestNG.runSuitesLocally(TestNG.java:1226)
	at org.testng.TestNG.runSuites(TestNG.java:1144)
	at org.testng.TestNG.run(TestNG.java:1115)
	at org.testng.remote.AbstractRemoteTestNG.run(AbstractRemoteTestNG.java:132)
	at org.testng.remote.RemoteTestNG.initAndRun(RemoteTestNG.java:230)
	at org.testng.remote.RemoteTestNG.main(RemoteTestNG.java:76)
]]>
            </full-stacktrace>
          </exception> <!-- java.lang.Throwable -->
          <reporter-output>
          </reporter-output>
        </test-method> <!-- verifyAddOrganization -->
        <test-method status="PASS" signature="endTest()[pri:0, instance:Com.NF.NetForumScenarious.VerifyOrganization@4ae3c1cd]" name="endTest" is-config="true" duration-ms="112" started-at="2018-06-05T20:04:38Z" finished-at="2018-06-05T20:04:38Z">
          <reporter-output>
          </reporter-output>
        </test-method> <!-- endTest -->
      </class> <!-- Com.NF.NetForumScenarious.VerifyOrganization -->
      <class name="Com.NF.NetForumScenarious.AddRelatedorganization">
        <test-method status="SKIP" signature="AssignClubtoDistrict(java.lang.String)[pri:0, instance:Com.NF.NetForumScenarious.AddRelatedorganization@589b3632]" name="AssignClubtoDistrict" duration-ms="0" started-at="2018-06-05T20:04:38Z" depends-on-methods="Com.NF.NetForumScenarious.AddOrgMembership.addorgmembership" finished-at="2018-06-05T20:04:38Z">
          <exception class="java.lang.Throwable">
            <message>
              <![CDATA[Method AddRelatedorganization.AssignClubtoDistrict(java.lang.String)[pri:0, instance:Com.NF.NetForumScenarious.AddRelatedorganization@589b3632] depends on not successfully finished methods]]>
            </message>
            <full-stacktrace>
              <![CDATA[java.lang.Throwable: Method AddRelatedorganization.AssignClubtoDistrict(java.lang.String)[pri:0, instance:Com.NF.NetForumScenarious.AddRelatedorganization@589b3632] depends on not successfully finished methods
	at org.testng.internal.Invoker.invokeTestMethods(Invoker.java:1084)
	at org.testng.internal.TestMethodWorker.invokeTestMethods(TestMethodWorker.java:126)
	at org.testng.internal.TestMethodWorker.run(TestMethodWorker.java:109)
	at org.testng.TestRunner.privateRun(TestRunner.java:744)
	at org.testng.TestRunner.run(TestRunner.java:602)
	at org.testng.SuiteRunner.runTest(SuiteRunner.java:380)
	at org.testng.SuiteRunner.runSequentially(SuiteRunner.java:375)
	at org.testng.SuiteRunner.privateRun(SuiteRunner.java:340)
	at org.testng.SuiteRunner.run(SuiteRunner.java:289)
	at org.testng.SuiteRunnerWorker.runSuite(SuiteRunnerWorker.java:52)
	at org.testng.SuiteRunnerWorker.run(SuiteRunnerWorker.java:86)
	at org.testng.TestNG.runSuitesSequentially(TestNG.java:1301)
	at org.testng.TestNG.runSuitesLocally(TestNG.java:1226)
	at org.testng.TestNG.runSuites(TestNG.java:1144)
	at org.testng.TestNG.run(TestNG.java:1115)
	at org.testng.remote.AbstractRemoteTestNG.run(AbstractRemoteTestNG.java:132)
	at org.testng.remote.RemoteTestNG.initAndRun(RemoteTestNG.java:230)
	at org.testng.remote.RemoteTestNG.main(RemoteTestNG.java:76)
]]>
            </full-stacktrace>
          </exception> <!-- java.lang.Throwable -->
          <reporter-output>
          </reporter-output>
        </test-method> <!-- AssignClubtoDistrict -->
        <test-method status="PASS" signature="endTest()[pri:0, instance:Com.NF.NetForumScenarious.AddRelatedorganization@589b3632]" name="endTest" is-config="true" duration-ms="111" started-at="2018-06-05T20:04:38Z" finished-at="2018-06-05T20:04:38Z">
          <reporter-output>
          </reporter-output>
        </test-method> <!-- endTest -->
      </class> <!-- Com.NF.NetForumScenarious.AddRelatedorganization -->
      <class name="Com.NF.NetForumScenarious.AddOrgMembership">
        <test-method status="SKIP" signature="addorgmembership(java.lang.String)[pri:0, instance:Com.NF.NetForumScenarious.AddOrgMembership@568bf312]" name="addorgmembership" duration-ms="0" started-at="2018-06-05T20:04:38Z" depends-on-methods="Com.NF.NetForumScenarious.VerifyOrganization.verifyAddOrganization" finished-at="2018-06-05T20:04:38Z">
          <exception class="java.lang.Throwable">
            <message>
              <![CDATA[Method AddOrgMembership.addorgmembership(java.lang.String)[pri:0, instance:Com.NF.NetForumScenarious.AddOrgMembership@568bf312] depends on not successfully finished methods]]>
            </message>
            <full-stacktrace>
              <![CDATA[java.lang.Throwable: Method AddOrgMembership.addorgmembership(java.lang.String)[pri:0, instance:Com.NF.NetForumScenarious.AddOrgMembership@568bf312] depends on not successfully finished methods
	at org.testng.internal.Invoker.invokeTestMethods(Invoker.java:1084)
	at org.testng.internal.TestMethodWorker.invokeTestMethods(TestMethodWorker.java:126)
	at org.testng.internal.TestMethodWorker.run(TestMethodWorker.java:109)
	at org.testng.TestRunner.privateRun(TestRunner.java:744)
	at org.testng.TestRunner.run(TestRunner.java:602)
	at org.testng.SuiteRunner.runTest(SuiteRunner.java:380)
	at org.testng.SuiteRunner.runSequentially(SuiteRunner.java:375)
	at org.testng.SuiteRunner.privateRun(SuiteRunner.java:340)
	at org.testng.SuiteRunner.run(SuiteRunner.java:289)
	at org.testng.SuiteRunnerWorker.runSuite(SuiteRunnerWorker.java:52)
	at org.testng.SuiteRunnerWorker.run(SuiteRunnerWorker.java:86)
	at org.testng.TestNG.runSuitesSequentially(TestNG.java:1301)
	at org.testng.TestNG.runSuitesLocally(TestNG.java:1226)
	at org.testng.TestNG.runSuites(TestNG.java:1144)
	at org.testng.TestNG.run(TestNG.java:1115)
	at org.testng.remote.AbstractRemoteTestNG.run(AbstractRemoteTestNG.java:132)
	at org.testng.remote.RemoteTestNG.initAndRun(RemoteTestNG.java:230)
	at org.testng.remote.RemoteTestNG.main(RemoteTestNG.java:76)
]]>
            </full-stacktrace>
          </exception> <!-- java.lang.Throwable -->
          <reporter-output>
          </reporter-output>
        </test-method> <!-- addorgmembership -->
        <test-method status="PASS" signature="endTest()[pri:0, instance:Com.NF.NetForumScenarious.AddOrgMembership@568bf312]" name="endTest" is-config="true" duration-ms="86" started-at="2018-06-05T20:04:38Z" finished-at="2018-06-05T20:04:38Z">
          <reporter-output>
          </reporter-output>
        </test-method> <!-- endTest -->
      </class> <!-- Com.NF.NetForumScenarious.AddOrgMembership -->
      <class name="Com.NF.NetForumScenarious.Addorganization">
        <test-method status="FAIL" signature="AddRotaryOrganization(java.lang.String)[pri:0, instance:Com.NF.NetForumScenarious.Addorganization@5ea434c8]" name="AddRotaryOrganization" duration-ms="26638" started-at="2018-06-05T20:04:11Z" depends-on-methods="Com.NF.NetForumScenarious.LaunchandLoginintoNF15.LaunchApplication" finished-at="2018-06-05T20:04:38Z">
          <params>
            <param index="0">
              <value>
                <![CDATA[C:\\NetforumUpgradeInMaven\\NetforumUpgrade\\NF_Input.xlsx,ADDorg]]>
              </value>
            </param>
          </params>
          <exception class="java.lang.AssertionError">
            <message>
              <![CDATA[expected [true] but found [false]]]>
            </message>
            <full-stacktrace>
              <![CDATA[java.lang.AssertionError: expected [true] but found [false]
	at org.testng.Assert.fail(Assert.java:93)
	at org.testng.Assert.failNotEquals(Assert.java:512)
	at org.testng.Assert.assertTrue(Assert.java:41)
	at org.testng.Assert.assertTrue(Assert.java:51)
	at Com.NF.NetForumScenarious.Addorganization.execute(Addorganization.java:141)
	at Com.NF.NetForumScenarious.Addorganization.AddRotaryOrganization(Addorganization.java:38)
	at sun.reflect.NativeMethodAccessorImpl.invoke0(Native Method)
	at sun.reflect.NativeMethodAccessorImpl.invoke(NativeMethodAccessorImpl.java:62)
	at sun.reflect.DelegatingMethodAccessorImpl.invoke(DelegatingMethodAccessorImpl.java:43)
	at java.lang.reflect.Method.invoke(Method.java:498)
	at org.testng.internal.MethodInvocationHelper.invokeMethod(MethodInvocationHelper.java:108)
	at org.testng.internal.Invoker.invokeMethod(Invoker.java:661)
	at org.testng.internal.Invoker.invokeTestMethod(Invoker.java:869)
	at org.testng.internal.Invoker.invokeTestMethods(Invoker.java:1193)
	at org.testng.internal.TestMethodWorker.invokeTestMethods(TestMethodWorker.java:126)
	at org.testng.internal.TestMethodWorker.run(TestMethodWorker.java:109)
	at org.testng.TestRunner.privateRun(TestRunner.java:744)
	at org.testng.TestRunner.run(TestRunner.java:602)
	at org.testng.SuiteRunner.runTest(SuiteRunner.java:380)
	at org.testng.SuiteRunner.runSequentially(SuiteRunner.java:375)
	at org.testng.SuiteRunner.privateRun(SuiteRunner.java:340)
	at org.testng.SuiteRunner.run(SuiteRunner.java:289)
	at org.testng.SuiteRunnerWorker.runSuite(SuiteRunnerWorker.java:52)
	at org.testng.SuiteRunnerWorker.run(SuiteRunnerWorker.java:86)
	at org.testng.TestNG.runSuitesSequentially(TestNG.java:1301)
	at org.testng.TestNG.runSuitesLocally(TestNG.java:1226)
	at org.testng.TestNG.runSuites(TestNG.java:1144)
	at org.testng.TestNG.run(TestNG.java:1115)
	at org.testng.remote.AbstractRemoteTestNG.run(AbstractRemoteTestNG.java:132)
	at org.testng.remote.RemoteTestNG.initAndRun(RemoteTestNG.java:230)
	at org.testng.remote.RemoteTestNG.main(RemoteTestNG.java:76)
]]>
            </full-stacktrace>
          </exception> <!-- java.lang.AssertionError -->
          <reporter-output>
          </reporter-output>
        </test-method> <!-- AddRotaryOrganization -->
        <test-method status="PASS" signature="beforeMethod(java.lang.reflect.Method)[pri:0, instance:Com.NF.NetForumScenarious.Addorganization@5ea434c8]" name="beforeMethod" is-config="true" duration-ms="0" started-at="2018-06-05T20:04:11Z" finished-at="2018-06-05T20:04:11Z">
          <params>
            <param index="0">
              <value>
                <![CDATA[public void Com.NF.NetForumScenarious.Addorganization.AddRotaryOrganization(java.lang.String) throws java.lang.Exception]]>
              </value>
            </param>
          </params>
          <reporter-output>
          </reporter-output>
        </test-method> <!-- beforeMethod -->
        <test-method status="PASS" signature="afterMethod(org.testng.ITestResult)[pri:0, instance:Com.NF.NetForumScenarious.Addorganization@5ea434c8]" name="afterMethod" is-config="true" duration-ms="0" started-at="2018-06-05T20:04:38Z" finished-at="2018-06-05T20:04:38Z">
          <params>
            <param index="0">
              <value>
                <![CDATA[[TestResult name=AddRotaryOrganization status=FAILURE method=Addorganization.AddRotaryOrganization(java.lang.String)[pri:0, instance:Com.NF.NetForumScenarious.Addorganization@5ea434c8] output={null}]]]>
              </value>
            </param>
          </params>
          <reporter-output>
          </reporter-output>
        </test-method> <!-- afterMethod -->
        <test-method status="PASS" signature="endTest()[pri:0, instance:Com.NF.NetForumScenarious.Addorganization@5ea434c8]" name="endTest" is-config="true" duration-ms="172" started-at="2018-06-05T20:04:38Z" finished-at="2018-06-05T20:04:38Z">
          <reporter-output>
          </reporter-output>
        </test-method> <!-- endTest -->
      </class> <!-- Com.NF.NetForumScenarious.Addorganization -->
      <class name="Com.NF.NetForumScenarious.LaunchandLoginintoNF15">
        <test-method status="PASS" signature="setenvironmentInof()[pri:0, instance:Com.NF.NetForumScenarious.LaunchandLoginintoNF15@5d47c63f]" name="setenvironmentInof" is-config="true" duration-ms="8" started-at="2018-06-05T20:03:43Z" finished-at="2018-06-05T20:03:43Z">
          <reporter-output>
          </reporter-output>
        </test-method> <!-- setenvironmentInof -->
        <test-method status="PASS" signature="beforeMethod(java.lang.reflect.Method)[pri:0, instance:Com.NF.NetForumScenarious.LaunchandLoginintoNF15@5d47c63f]" name="beforeMethod" is-config="true" duration-ms="3" started-at="2018-06-05T20:03:43Z" finished-at="2018-06-05T20:03:43Z">
          <params>
            <param index="0">
              <value>
                <![CDATA[public void Com.NF.NetForumScenarious.LaunchandLoginintoNF15.LaunchApplication(java.lang.String) throws java.lang.Exception]]>
              </value>
            </param>
          </params>
          <reporter-output>
          </reporter-output>
        </test-method> <!-- beforeMethod -->
        <test-method status="PASS" signature="LaunchApplication(java.lang.String)[pri:0, instance:Com.NF.NetForumScenarious.LaunchandLoginintoNF15@5d47c63f]" name="LaunchApplication" duration-ms="27511" started-at="2018-06-05T20:03:43Z" finished-at="2018-06-05T20:04:11Z">
          <params>
            <param index="0">
              <value>
                <![CDATA[C:\\NetforumUpgradeInMaven\\NetforumUpgrade\\NF_Input.xlsx,LaunchNF]]>
              </value>
            </param>
          </params>
          <reporter-output>
          </reporter-output>
        </test-method> <!-- LaunchApplication -->
        <test-method status="PASS" signature="afterMethod(org.testng.ITestResult)[pri:0, instance:Com.NF.NetForumScenarious.LaunchandLoginintoNF15@5d47c63f]" name="afterMethod" is-config="true" duration-ms="1" started-at="2018-06-05T20:04:11Z" finished-at="2018-06-05T20:04:11Z">
          <params>
            <param index="0">
              <value>
                <![CDATA[[TestResult name=LaunchApplication status=SUCCESS method=LaunchandLoginintoNF15.LaunchApplication(java.lang.String)[pri:0, instance:Com.NF.NetForumScenarious.LaunchandLoginintoNF15@5d47c63f] output={null}]]]>
              </value>
            </param>
          </params>
          <reporter-output>
          </reporter-output>
        </test-method> <!-- afterMethod -->
        <test-method status="PASS" signature="endTest()[pri:0, instance:Com.NF.NetForumScenarious.LaunchandLoginintoNF15@5d47c63f]" name="endTest" is-config="true" duration-ms="329" started-at="2018-06-05T20:04:11Z" finished-at="2018-06-05T20:04:11Z">
          <reporter-output>
          </reporter-output>
        </test-method> <!-- endTest -->
      </class> <!-- Com.NF.NetForumScenarious.LaunchandLoginintoNF15 -->
    </test> <!-- Addmembershiptoorg -->
  </suite> <!-- Suite1 -->
</testng-results>
